# JRE version: OpenJDK Runtime Environment (8.0_152-b06) (build 1.8.0_152-release-1136-b06)
# Java VM: OpenJDK 64-Bit Server VM (25.152-b06 mixed mode windows-amd64 compressed oops)
Heap:
 PSYoungGen      total 372224K, used 18219K [0x00000000e0000000, 0x00000000fa900000, 0x0000000100000000)
  eden space 323584K, 5% used [0x00000000e0000000,0x00000000e11caea8,0x00000000f3c00000)
  from space 48640K, 0% used [0x00000000f3c00000,0x00000000f3c00000,0x00000000f6b80000)
  to   space 38400K, 0% used [0x00000000f6b80000,0x00000000f6b80000,0x00000000f9100000)
 ParOldGen       total 155648K, used 131283K [0x00000000a0000000, 0x00000000a9800000, 0x00000000e0000000)
  object space 155648K, 84% used [0x00000000a0000000,0x00000000a8034cb8,0x00000000a9800000)
 Metaspace       used 97916K, capacity 103932K, committed 104344K, reserved 1140736K
  class space    used 12288K, capacity 13401K, committed 13488K, reserved 1048576K
GC Heap History (10 events):
Event: 8725.034 GC heap before
{Heap before GC invocations=37 (full 4):
 PSYoungGen      total 342528K, used 342502K [0x00000000e0000000, 0x00000000f8580000, 0x0000000100000000)
  eden space 313856K, 100% used [0x00000000e0000000,0x00000000f3280000,0x00000000f3280000)
  from space 28672K, 99% used [0x00000000f5380000,0x00000000f6f79928,0x00000000f6f80000)
  to   space 33792K, 0% used [0x00000000f3280000,0x00000000f3280000,0x00000000f5380000)
 ParOldGen       total 148992K, used 72163K [0x00000000a0000000, 0x00000000a9180000, 0x00000000e0000000)
  object space 148992K, 48% used [0x00000000a0000000,0x00000000a4678f28,0x00000000a9180000)
 Metaspace       used 96993K, capacity 102710K, committed 102936K, reserved 1138688K
  class space    used 12181K, capacity 13242K, committed 13360K, reserved 1048576K
Event: 8725.573 GC heap after
Heap after GC invocations=37 (full 4):
 PSYoungGen      total 347648K, used 32835K [0x00000000e0000000, 0x00000000f9100000, 0x0000000100000000)
  eden space 313856K, 0% used [0x00000000e0000000,0x00000000e0000000,0x00000000f3280000)
  from space 33792K, 97% used [0x00000000f3280000,0x00000000f5290eb8,0x00000000f5380000)
  to   space 38400K, 0% used [0x00000000f6b80000,0x00000000f6b80000,0x00000000f9100000)
 ParOldGen       total 148992K, used 72171K [0x00000000a0000000, 0x00000000a9180000, 0x00000000e0000000)
  object space 148992K, 48% used [0x00000000a0000000,0x00000000a467af28,0x00000000a9180000)
 Metaspace       used 96993K, capacity 102710K, committed 102936K, reserved 1138688K
  class space    used 12181K, capacity 13242K, committed 13360K, reserved 1048576K
}
Event: 8738.871 GC heap before
{Heap before GC invocations=38 (full 4):
 PSYoungGen      total 347648K, used 346691K [0x00000000e0000000, 0x00000000f9100000, 0x0000000100000000)
  eden space 313856K, 100% used [0x00000000e0000000,0x00000000f3280000,0x00000000f3280000)
  from space 33792K, 97% used [0x00000000f3280000,0x00000000f5290eb8,0x00000000f5380000)
  to   space 38400K, 0% used [0x00000000f6b80000,0x00000000f6b80000,0x00000000f9100000)
 ParOldGen       total 148992K, used 72171K [0x00000000a0000000, 0x00000000a9180000, 0x00000000e0000000)
  object space 148992K, 48% used [0x00000000a0000000,0x00000000a467af28,0x00000000a9180000)
 Metaspace       used 97427K, capacity 103210K, committed 103448K, reserved 1138688K
  class space    used 12240K, capacity 13332K, committed 13360K, reserved 1048576K
Event: 8738.980 GC heap after
Heap after GC invocations=38 (full 4):
 PSYoungGen      total 361984K, used 38396K [0x00000000e0000000, 0x00000000fa900000, 0x0000000100000000)
  eden space 323584K, 0% used [0x00000000e0000000,0x00000000e0000000,0x00000000f3c00000)
  from space 38400K, 99% used [0x00000000f6b80000,0x00000000f90ff308,0x00000000f9100000)
  to   space 48640K, 0% used [0x00000000f3c00000,0x00000000f3c00000,0x00000000f6b80000)
 ParOldGen       total 148992K, used 84720K [0x00000000a0000000, 0x00000000a9180000, 0x00000000e0000000)
  object space 148992K, 56% used [0x00000000a0000000,0x00000000a52bc218,0x00000000a9180000)
 Metaspace       used 97427K, capacity 103210K, committed 103448K, reserved 1138688K
  class space    used 12240K, capacity 13332K, committed 13360K, reserved 1048576K
}
Event: 8770.626 GC heap before
{Heap before GC invocations=39 (full 4):
 PSYoungGen      total 361984K, used 361980K [0x00000000e0000000, 0x00000000fa900000, 0x0000000100000000)
  eden space 323584K, 100% used [0x00000000e0000000,0x00000000f3c00000,0x00000000f3c00000)
  from space 38400K, 99% used [0x00000000f6b80000,0x00000000f90ff308,0x00000000f9100000)
  to   space 48640K, 0% used [0x00000000f3c00000,0x00000000f3c00000,0x00000000f6b80000)
 ParOldGen       total 148992K, used 84720K [0x00000000a0000000, 0x00000000a9180000, 0x00000000e0000000)
  object space 148992K, 56% used [0x00000000a0000000,0x00000000a52bc218,0x00000000a9180000)
 Metaspace       used 97673K, capacity 103550K, committed 103704K, reserved 1140736K
  class space    used 12253K, capacity 13356K, committed 13360K, reserved 1048576K
Event: 8770.950 GC heap after
Heap after GC invocations=39 (full 4):
 PSYoungGen      total 372224K, used 48610K [0x00000000e0000000, 0x00000000fa900000, 0x0000000100000000)
  eden space 323584K, 0% used [0x00000000e0000000,0x00000000e0000000,0x00000000f3c00000)
  from space 48640K, 99% used [0x00000000f3c00000,0x00000000f6b789a8,0x00000000f6b80000)
  to   space 38400K, 0% used [0x00000000f6b80000,0x00000000f6b80000,0x00000000f9100000)
 ParOldGen       total 148992K, used 92178K [0x00000000a0000000, 0x00000000a9180000, 0x00000000e0000000)
  object space 148992K, 61% used [0x00000000a0000000,0x00000000a5a04b30,0x00000000a9180000)
 Metaspace       used 97673K, capacity 103550K, committed 103704K, reserved 1140736K
  class space    used 12253K, capacity 13356K, committed 13360K, reserved 1048576K
}
Event: 8776.662 GC heap before
{Heap before GC invocations=40 (full 4):
 PSYoungGen      total 372224K, used 372194K [0x00000000e0000000, 0x00000000fa900000, 0x0000000100000000)
  eden space 323584K, 100% used [0x00000000e0000000,0x00000000f3c00000,0x00000000f3c00000)
  from space 48640K, 99% used [0x00000000f3c00000,0x00000000f6b789a8,0x00000000f6b80000)
  to   space 38400K, 0% used [0x00000000f6b80000,0x00000000f6b80000,0x00000000f9100000)
 ParOldGen       total 148992K, used 92178K [0x00000000a0000000, 0x00000000a9180000, 0x00000000e0000000)
  object space 148992K, 61% used [0x00000000a0000000,0x00000000a5a04b30,0x00000000a9180000)
 Metaspace       used 97976K, capacity 104216K, committed 104344K, reserved 1140736K
  class space    used 12308K, capacity 13457K, committed 13488K, reserved 1048576K
Event: 8776.959 GC heap after
Heap after GC invocations=40 (full 4):
 PSYoungGen      total 372224K, used 372194K [0x00000000e0000000, 0x00000000fa900000, 0x0000000100000000)
  eden space 323584K, 100% used [0x00000000e0000000,0x00000000f3c00000,0x00000000f3c00000)
  from space 48640K, 99% used [0x00000000f3c00000,0x00000000f6b789a8,0x00000000f6b80000)
  to   space 38400K, 99% used [0x00000000f6b80000,0x00000000f90fb158,0x00000000f9100000)
 ParOldGen       total 155648K, used 155642K [0x00000000a0000000, 0x00000000a9800000, 0x00000000e0000000)
  object space 155648K, 99% used [0x00000000a0000000,0x00000000a97fe9a0,0x00000000a9800000)
 Metaspace       used 97976K, capacity 104216K, committed 104344K, reserved 1140736K
  class space    used 12308K, capacity 13457K, committed 13488K, reserved 1048576K
}
Event: 8776.960 GC heap before
{Heap before GC invocations=41 (full 5):
 PSYoungGen      total 372224K, used 372194K [0x00000000e0000000, 0x00000000fa900000, 0x0000000100000000)
  eden space 323584K, 100% used [0x00000000e0000000,0x00000000f3c00000,0x00000000f3c00000)
  from space 48640K, 99% used [0x00000000f3c00000,0x00000000f6b789a8,0x00000000f6b80000)
  to   space 38400K, 99% used [0x00000000f6b80000,0x00000000f90fb158,0x00000000f9100000)
 ParOldGen       total 155648K, used 155642K [0x00000000a0000000, 0x00000000a9800000, 0x00000000e0000000)
  object space 155648K, 99% used [0x00000000a0000000,0x00000000a97fe9a0,0x00000000a9800000)
 Metaspace       used 97976K, capacity 104216K, committed 104344K, reserved 1140736K
  class space    used 12308K, capacity 13457K, committed 13488K, reserved 1048576K
Event: 8778.653 GC heap after
Heap after GC invocations=41 (full 5):
 PSYoungGen      total 372224K, used 0K [0x00000000e0000000, 0x00000000fa900000, 0x0000000100000000)
  eden space 323584K, 0% used [0x00000000e0000000,0x00000000e0000000,0x00000000f3c00000)
  from space 48640K, 0% used [0x00000000f3c00000,0x00000000f3c00000,0x00000000f6b80000)
  to   space 38400K, 0% used [0x00000000f6b80000,0x00000000f6b80000,0x00000000f9100000)
 ParOldGen       total 155648K, used 131283K [0x00000000a0000000, 0x00000000a9800000, 0x00000000e0000000)
  object space 155648K, 84% used [0x00000000a0000000,0x00000000a8034cb8,0x00000000a9800000)
 Metaspace       used 97793K, capacity 103866K, committed 104344K, reserved 1140736K
  class space    used 12273K, capacity 13400K, committed 13488K, reserved 1048576K
}

